<?xml version="1.0" encoding="UTF-8"?>
<testng-results ignored="0" total="1" passed="1" failed="0" skipped="0">
  <reporter-output>
  </reporter-output>
  <suite started-at="2020-09-03T00:39:24 PDT" name="Surefire suite" finished-at="2020-09-03T00:39:24 PDT" duration-ms="29">
    <groups>
    </groups>
    <test started-at="2020-09-03T00:39:24 PDT" name="Surefire test" finished-at="2020-09-03T00:39:24 PDT" duration-ms="29">
      <class name="com.hluong.certATT.Test001">
        <test-method signature="test()[pri:0, instance:com.hluong.certATT.Test001@5bfbf16f]" started-at="2020-09-03T00:39:24 PDT" name="test" finished-at="2020-09-03T00:39:24 PDT" duration-ms="4" status="PASS">
          <reporter-output>
          </reporter-output>
        </test-method> <!-- test -->
      </class> <!-- com.hluong.certATT.Test001 -->
    </test> <!-- Surefire test -->
  </suite> <!-- Surefire suite -->
</testng-results>
