<?xml version="1.0" encoding="UTF-8"?>
<testsuite xmlns:xsi="http://www.w3.org/2001/XMLSchema-instance" xsi:noNamespaceSchemaLocation="https://maven.apache.org/surefire/maven-surefire-plugin/xsd/surefire-test-report.xsd" name="TestSuite" time="0.349" tests="2" errors="0" skipped="0" failures="0">
  <properties>
[...]
</properties>
  <testcase name="test" classname="com.hluong.certATT.Test001" time="0.003"/>
  <testcase name="shouldAnswerWithTrue on shouldAnswerWithTrue(com.hluong.certATT.AppTest)" classname="com.hluong.certATT.AppTest" time="0"/>
</testsuite>